c:\users\scrat\onedrive\documents\dev\lowpolygongenerator\x64\release\vc142.pdb
c:\users\scrat\onedrive\documents\dev\lowpolygongenerator\x64\release\main.obj
c:\users\scrat\onedrive\documents\dev\lowpolygongenerator\x64\release\vector4.obj
c:\users\scrat\onedrive\documents\dev\lowpolygongenerator\x64\release\vector3int.obj
c:\users\scrat\onedrive\documents\dev\lowpolygongenerator\x64\release\vector3.obj
c:\users\scrat\onedrive\documents\dev\lowpolygongenerator\x64\release\vector2.obj
c:\users\scrat\onedrive\documents\dev\lowpolygongenerator\x64\release\pointcreator.obj
c:\users\scrat\onedrive\documents\dev\lowpolygongenerator\x64\release\matrix.obj
c:\users\scrat\onedrive\documents\dev\lowpolygongenerator\x64\release\lowpolygenerator.exe
c:\users\scrat\onedrive\documents\dev\lowpolygongenerator\x64\release\lowpolygenerator.pdb
c:\users\scrat\onedrive\documents\dev\lowpolygongenerator\x64\release\lowpolygenerator.ipdb
c:\users\scrat\onedrive\documents\dev\lowpolygongenerator\x64\release\lowpolygenerator.iobj
c:\users\scrat\onedrive\documents\dev\lowpolygongenerator\x64\release\kernel.cu.cache
c:\users\scrat\onedrive\documents\dev\lowpolygongenerator\x64\release\kernel.cu.obj
c:\users\scrat\onedrive\documents\dev\lowpolygongenerator\x64\release\lowpolygenerator.tlog\cl.command.1.tlog
c:\users\scrat\onedrive\documents\dev\lowpolygongenerator\x64\release\lowpolygenerator.tlog\cl.read.1.tlog
c:\users\scrat\onedrive\documents\dev\lowpolygongenerator\x64\release\lowpolygenerator.tlog\cl.write.1.tlog
c:\users\scrat\onedrive\documents\dev\lowpolygongenerator\x64\release\lowpolygenerator.tlog\cudacompile.read.1u.tlog
c:\users\scrat\onedrive\documents\dev\lowpolygongenerator\x64\release\lowpolygenerator.tlog\cudacompile.write.1u.tlog
c:\users\scrat\onedrive\documents\dev\lowpolygongenerator\x64\release\lowpolygenerator.tlog\link.command.1.tlog
c:\users\scrat\onedrive\documents\dev\lowpolygongenerator\x64\release\lowpolygenerator.tlog\link.read.1.tlog
c:\users\scrat\onedrive\documents\dev\lowpolygongenerator\x64\release\lowpolygenerator.tlog\link.write.1.tlog
c:\users\scrat\onedrive\documents\dev\lowpolygongenerator\x64\release\lowpolygenerator.tlog\lowpolygenerator.write.1u.tlog
