  Compiling CUDA source file kernel.cu...
  
  C:\Users\scrat\OneDrive\Documents\Dev\C++ Projects\LowPolygonGenerator>"C:\Program Files\NVIDIA GPU Computing Toolkit\CUDA\v11.1\bin\nvcc.exe" -gencode=arch=compute_52,code=\"sm_52,compute_52\" --use-local-env -ccbin "C:\Program Files (x86)\Microsoft Visual Studio\2019\Community\VC\Tools\MSVC\14.28.29333\bin\HostX86\x64" -x cu   -I"C:\Users\scrat\OneDrive\Documents\Dev\C++ Projects\LowPolygonGenerator\vendor\SDLLibraries\SDL2_image-2.0.5\include" -I"C:\Users\scrat\OneDrive\Documents\Dev\C++ Projects\LowPolygonGenerator\vendor\SDLLibraries\SDL2\include" -I"C:\Program Files\NVIDIA GPU Computing Toolkit\CUDA\v11.1\include"     --keep-dir x64\Release -maxrregcount=0  --machine 64 --compile -cudart static     -DNDEBUG -D_CONSOLE -D_UNICODE -DUNICODE -Xcompiler "/EHsc /W3 /nologo /O2 /Fdx64\Release\vc142.pdb /FS   /MD " -o x64\Release\kernel.cu.obj "C:\Users\scrat\OneDrive\Documents\Dev\C++ Projects\LowPolygonGenerator\kernel.cu" 
  kernel.cu
  main.cpp
C:\Users\scrat\OneDrive\Documents\Dev\C++ Projects\LowPolygonGenerator\PointCreator.cpp(657,61): warning C4244: 'argument': conversion from 'double' to 'Uint8', possible loss of data
C:\Users\scrat\OneDrive\Documents\Dev\C++ Projects\LowPolygonGenerator\PointCreator.cpp(657,55): warning C4244: 'argument': conversion from 'double' to 'Uint8', possible loss of data
C:\Users\scrat\OneDrive\Documents\Dev\C++ Projects\LowPolygonGenerator\PointCreator.cpp(657,49): warning C4244: 'argument': conversion from 'double' to 'Uint8', possible loss of data
  Matrix.cpp
  PointCreator.cpp
C:\Users\scrat\OneDrive\Documents\Dev\C++ Projects\LowPolygonGenerator\PointCreator.cpp(657,61): warning C4244: 'argument': conversion from 'double' to 'Uint8', possible loss of data
C:\Users\scrat\OneDrive\Documents\Dev\C++ Projects\LowPolygonGenerator\PointCreator.cpp(657,55): warning C4244: 'argument': conversion from 'double' to 'Uint8', possible loss of data
C:\Users\scrat\OneDrive\Documents\Dev\C++ Projects\LowPolygonGenerator\PointCreator.cpp(657,49): warning C4244: 'argument': conversion from 'double' to 'Uint8', possible loss of data
  Vector2.cpp
  Vector3.cpp
  Vector3Int.cpp
  Vector4.cpp
  Generating code
  294 of 298 functions (98.7%) were compiled, the rest were copied from previous compilation.
    0 functions were new in current compilation
    1 functions had inline decision re-evaluated but remain unchanged
  Finished generating code
  LowPolyGenerator.vcxproj -> C:\Users\scrat\OneDrive\Documents\Dev\C++ Projects\LowPolygonGenerator\x64\Release\LowPolyGenerator.exe
